<?xml version="1.0" encoding="UTF-8" ?>
<testsuite tests="4" failures="0" name="org.apache.sqoop.utils.TestClassUtils" time="0.073" errors="0" skipped="0">
  <properties>
[...]
</properties>
  <testcase classname="org.apache.sqoop.utils.TestClassUtils" name="testInstantiateNull" time="0.047"/>
  <testcase classname="org.apache.sqoop.utils.TestClassUtils" name="testGetEnumStrings" time="0.007"/>
  <testcase classname="org.apache.sqoop.utils.TestClassUtils" name="testInstantiate" time="0.014"/>
  <testcase classname="org.apache.sqoop.utils.TestClassUtils" name="testLoadClass" time="0.005"/>
</testsuite>